[1018/132531:ERROR:process_info.cc(608)] range at 0xfffde000, size 0x230 fully unreadable
[1018/132531:ERROR:process_info.cc(608)] range at 0xfffde000, size 0x230 fully unreadable
[1018/132531:ERROR:process_info.cc(608)] range at 0xfffde000, size 0x230 fully unreadable
[1018/132533:ERROR:process_info.cc(608)] range at 0xfffdd000, size 0xf84 fully unreadable
[1018/132533:ERROR:process_info.cc(608)] range at 0xfffdd000, size 0xf84 fully unreadable
[1018/132533:ERROR:process_info.cc(608)] range at 0xfffda000, size 0xf84 fully unreadable
[1018/132533:ERROR:process_info.cc(608)] range at 0xfffda000, size 0xf84 fully unreadable
[1018/132533:ERROR:process_info.cc(608)] range at 0xfffd7000, size 0xf84 fully unreadable
[1018/132533:ERROR:process_info.cc(608)] range at 0xfffd7000, size 0xf84 fully unreadable
[1018/132533:ERROR:process_info.cc(608)] range at 0xfffaf000, size 0xf84 fully unreadable
[1018/132533:ERROR:process_info.cc(608)] range at 0xfffdd000, size 0xf84 fully unreadable
[1018/132533:ERROR:process_info.cc(608)] range at 0xfffaf000, size 0xf84 fully unreadable
[1018/132533:ERROR:process_info.cc(608)] range at 0xfffac000, size 0xf84 fully unreadable
[1018/132533:ERROR:process_info.cc(608)] range at 0xfffda000, size 0xf84 fully unreadable
[1018/132533:ERROR:process_info.cc(608)] range at 0xfffac000, size 0xf84 fully unreadable
[1018/132533:ERROR:process_info.cc(608)] range at 0xfffa9000, size 0xf84 fully unreadable
[1018/132533:ERROR:process_info.cc(608)] range at 0xfffd7000, size 0xf84 fully unreadable
[1018/132533:ERROR:process_info.cc(608)] range at 0xfffa9000, size 0xf84 fully unreadable
[1018/132533:ERROR:process_info.cc(608)] range at 0xfffa6000, size 0xf84 fully unreadable
[1018/132533:ERROR:process_info.cc(608)] range at 0xfffaf000, size 0xf84 fully unreadable
[1018/132533:ERROR:process_info.cc(608)] range at 0xfffa6000, size 0xf84 fully unreadable
[1018/132533:ERROR:process_info.cc(608)] range at 0xfffa3000, size 0xf84 fully unreadable
[1018/132533:ERROR:process_info.cc(608)] range at 0xfffac000, size 0xf84 fully unreadable
[1018/132533:ERROR:process_info.cc(608)] range at 0xfffa3000, size 0xf84 fully unreadable
[1018/132533:ERROR:process_info.cc(608)] range at 0xfffa0000, size 0xf84 fully unreadable
[1018/132533:ERROR:process_info.cc(608)] range at 0xfffa9000, size 0xf84 fully unreadable
[1018/132533:ERROR:process_info.cc(608)] range at 0xfffa0000, size 0xf84 fully unreadable
[1018/132533:ERROR:process_info.cc(608)] range at 0xfff9d000, size 0xf84 fully unreadable
[1018/132533:ERROR:process_info.cc(608)] range at 0xfffa6000, size 0xf84 fully unreadable
[1018/132533:ERROR:process_info.cc(608)] range at 0xfff9d000, size 0xf84 fully unreadable
[1018/132533:ERROR:process_info.cc(608)] range at 0xfff9a000, size 0xf84 fully unreadable
[1018/132533:ERROR:process_info.cc(608)] range at 0xfffa3000, size 0xf84 fully unreadable
[1018/132533:ERROR:process_info.cc(608)] range at 0xfff9a000, size 0xf84 fully unreadable
[1018/132533:ERROR:process_info.cc(608)] range at 0xfff97000, size 0xf84 fully unreadable
[1018/132533:ERROR:process_info.cc(608)] range at 0xfffa0000, size 0xf84 fully unreadable
[1018/132533:ERROR:process_info.cc(608)] range at 0xfff97000, size 0xf84 fully unreadable
[1018/132533:ERROR:process_info.cc(608)] range at 0xfff94000, size 0xf84 fully unreadable
[1018/132533:ERROR:process_info.cc(608)] range at 0xfff9d000, size 0xf84 fully unreadable
[1018/132533:ERROR:process_info.cc(608)] range at 0xfff94000, size 0xf84 fully unreadable
[1018/132533:ERROR:process_info.cc(608)] range at 0xfff9a000, size 0xf84 fully unreadable
[1018/132533:ERROR:process_info.cc(608)] range at 0xfff97000, size 0xf84 fully unreadable
[1018/132533:ERROR:process_info.cc(608)] range at 0xfff94000, size 0xf84 fully unreadable
[1018/132602:ERROR:process_info.cc(608)] range at 0xfffde000, size 0x230 fully unreadable
[1018/132602:ERROR:process_info.cc(608)] range at 0xfffdd000, size 0xf84 fully unreadable
[1018/132602:ERROR:process_info.cc(608)] range at 0xfffda000, size 0xf84 fully unreadable
[1018/132602:ERROR:process_info.cc(608)] range at 0xfffd7000, size 0xf84 fully unreadable
[1018/132602:ERROR:process_info.cc(608)] range at 0xfffaf000, size 0xf84 fully unreadable
[1018/132602:ERROR:process_info.cc(608)] range at 0xfffac000, size 0xf84 fully unreadable
[1018/132602:ERROR:process_info.cc(608)] range at 0xfffa9000, size 0xf84 fully unreadable
[1018/132602:ERROR:process_info.cc(608)] range at 0xfffa6000, size 0xf84 fully unreadable
[1018/132602:ERROR:process_info.cc(608)] range at 0xfffa3000, size 0xf84 fully unreadable
[1018/132602:ERROR:process_info.cc(608)] range at 0xfffa0000, size 0xf84 fully unreadable
[1018/132602:ERROR:process_info.cc(608)] range at 0xfff9d000, size 0xf84 fully unreadable
[1018/132602:ERROR:process_info.cc(608)] range at 0xfff9a000, size 0xf84 fully unreadable
[1018/132602:ERROR:process_info.cc(608)] range at 0xfff97000, size 0xf84 fully unreadable
[1018/132602:ERROR:process_info.cc(608)] range at 0xfff94000, size 0xf84 fully unreadable
[1018/132615:ERROR:process_info.cc(608)] range at 0xfffde000, size 0x230 fully unreadable
[1018/132615:ERROR:process_info.cc(608)] range at 0xfffdd000, size 0xf84 fully unreadable
[1018/132615:ERROR:process_info.cc(608)] range at 0xfffda000, size 0xf84 fully unreadable
[1018/132615:ERROR:process_info.cc(608)] range at 0xfffd7000, size 0xf84 fully unreadable
[1018/132615:ERROR:process_info.cc(608)] range at 0xfffaf000, size 0xf84 fully unreadable
[1018/132615:ERROR:process_info.cc(608)] range at 0xfffac000, size 0xf84 fully unreadable
[1018/132615:ERROR:process_info.cc(608)] range at 0xfffa9000, size 0xf84 fully unreadable
[1018/132615:ERROR:process_info.cc(608)] range at 0xfffa6000, size 0xf84 fully unreadable
[1018/132615:ERROR:process_info.cc(608)] range at 0xfffa3000, size 0xf84 fully unreadable
[1018/132615:ERROR:process_info.cc(608)] range at 0xfffa0000, size 0xf84 fully unreadable
[1018/132615:ERROR:process_info.cc(608)] range at 0xfff9d000, size 0xf84 fully unreadable
[1018/132615:ERROR:process_info.cc(608)] range at 0xfff9a000, size 0xf84 fully unreadable
[1018/132615:ERROR:process_info.cc(608)] range at 0xfff97000, size 0xf84 fully unreadable
[1018/132615:ERROR:process_info.cc(608)] range at 0xfff94000, size 0xf84 fully unreadable
[1018/133308:ERROR:process_info.cc(608)] range at 0xfffde000, size 0x230 fully unreadable
[1018/133309:ERROR:process_info.cc(608)] range at 0xfffdd000, size 0xf84 fully unreadable
[1018/133309:ERROR:process_info.cc(608)] range at 0xfffda000, size 0xf84 fully unreadable
[1018/133309:ERROR:process_info.cc(608)] range at 0xfffd7000, size 0xf84 fully unreadable
[1018/133309:ERROR:process_info.cc(608)] range at 0xfffaf000, size 0xf84 fully unreadable
[1018/133309:ERROR:process_info.cc(608)] range at 0xfffac000, size 0xf84 fully unreadable
[1018/133309:ERROR:process_info.cc(608)] range at 0xfffa9000, size 0xf84 fully unreadable
[1018/133309:ERROR:process_info.cc(608)] range at 0xfffa6000, size 0xf84 fully unreadable
[1018/133309:ERROR:process_info.cc(608)] range at 0xfffa3000, size 0xf84 fully unreadable
[1018/133309:ERROR:process_info.cc(608)] range at 0xfffa0000, size 0xf84 fully unreadable
[1018/133309:ERROR:process_info.cc(608)] range at 0xfff9d000, size 0xf84 fully unreadable
[1018/133309:ERROR:process_info.cc(608)] range at 0xfff9a000, size 0xf84 fully unreadable
[1018/133309:ERROR:process_info.cc(608)] range at 0xfff97000, size 0xf84 fully unreadable
[1018/133309:ERROR:process_info.cc(608)] range at 0xfff94000, size 0xf84 fully unreadable
[1018/133309:ERROR:process_info.cc(608)] range at 0xfffde000, size 0x230 fully unreadable
[1018/133309:ERROR:process_info.cc(608)] range at 0xfffdd000, size 0xf84 fully unreadable
[1018/133309:ERROR:process_info.cc(608)] range at 0xfffda000, size 0xf84 fully unreadable
[1018/133309:ERROR:process_info.cc(608)] range at 0xfffd7000, size 0xf84 fully unreadable
[1018/133309:ERROR:process_info.cc(608)] range at 0xfffaf000, size 0xf84 fully unreadable
[1018/133309:ERROR:process_info.cc(608)] range at 0xfffac000, size 0xf84 fully unreadable
[1018/133309:ERROR:process_info.cc(608)] range at 0xfffa9000, size 0xf84 fully unreadable
[1018/133309:ERROR:process_info.cc(608)] range at 0xfffa6000, size 0xf84 fully unreadable
[1018/133309:ERROR:process_info.cc(608)] range at 0xfffa3000, size 0xf84 fully unreadable
[1018/133309:ERROR:process_info.cc(608)] range at 0xfffa0000, size 0xf84 fully unreadable
[1018/133309:ERROR:process_info.cc(608)] range at 0xfff9d000, size 0xf84 fully unreadable
[1018/133309:ERROR:process_info.cc(608)] range at 0xfff9a000, size 0xf84 fully unreadable
[1018/133309:ERROR:process_info.cc(608)] range at 0xfff97000, size 0xf84 fully unreadable
[1018/133309:ERROR:process_info.cc(608)] range at 0xfff94000, size 0xf84 fully unreadable
[1018/133325:ERROR:process_info.cc(608)] range at 0xfffde000, size 0x230 fully unreadable
[1018/133325:ERROR:process_info.cc(608)] range at 0xfffdd000, size 0xf84 fully unreadable
[1018/133325:ERROR:process_info.cc(608)] range at 0xfffda000, size 0xf84 fully unreadable
[1018/133325:ERROR:process_info.cc(608)] range at 0xfffd7000, size 0xf84 fully unreadable
[1018/133325:ERROR:process_info.cc(608)] range at 0xfffaf000, size 0xf84 fully unreadable
[1018/133325:ERROR:process_info.cc(608)] range at 0xfffac000, size 0xf84 fully unreadable
[1018/133325:ERROR:process_info.cc(608)] range at 0xfffa9000, size 0xf84 fully unreadable
[1018/133325:ERROR:process_info.cc(608)] range at 0xfffa6000, size 0xf84 fully unreadable
[1018/133325:ERROR:process_info.cc(608)] range at 0xfffa3000, size 0xf84 fully unreadable
[1018/133325:ERROR:process_info.cc(608)] range at 0xfffa0000, size 0xf84 fully unreadable
[1018/133325:ERROR:process_info.cc(608)] range at 0xfff9d000, size 0xf84 fully unreadable
[1018/133325:ERROR:process_info.cc(608)] range at 0xfff9a000, size 0xf84 fully unreadable
[1018/133325:ERROR:process_info.cc(608)] range at 0xfff97000, size 0xf84 fully unreadable
[1018/133325:ERROR:process_info.cc(608)] range at 0xfff94000, size 0xf84 fully unreadable
[1018/133325:ERROR:process_info.cc(608)] range at 0xfffde000, size 0x230 fully unreadable
[1018/133325:ERROR:process_info.cc(608)] range at 0xfffdd000, size 0xf84 fully unreadable
[1018/133325:ERROR:process_info.cc(608)] range at 0xfffda000, size 0xf84 fully unreadable
[1018/133325:ERROR:process_info.cc(608)] range at 0xfffd7000, size 0xf84 fully unreadable
[1018/133325:ERROR:process_info.cc(608)] range at 0xfffaf000, size 0xf84 fully unreadable
[1018/133325:ERROR:process_info.cc(608)] range at 0xfffac000, size 0xf84 fully unreadable
[1018/133325:ERROR:process_info.cc(608)] range at 0xfffa9000, size 0xf84 fully unreadable
[1018/133325:ERROR:process_info.cc(608)] range at 0xfffa6000, size 0xf84 fully unreadable
[1018/133325:ERROR:process_info.cc(608)] range at 0xfffa3000, size 0xf84 fully unreadable
[1018/133325:ERROR:process_info.cc(608)] range at 0xfffa0000, size 0xf84 fully unreadable
[1018/133325:ERROR:process_info.cc(608)] range at 0xfff9d000, size 0xf84 fully unreadable
[1018/133325:ERROR:process_info.cc(608)] range at 0xfff9a000, size 0xf84 fully unreadable
[1018/133325:ERROR:process_info.cc(608)] range at 0xfff97000, size 0xf84 fully unreadable
[1018/133325:ERROR:process_info.cc(608)] range at 0xfff94000, size 0xf84 fully unreadable
[1018/133333:ERROR:process_info.cc(608)] range at 0xfffde000, size 0x230 fully unreadable
[1018/133333:ERROR:process_info.cc(608)] range at 0xfffdd000, size 0xf84 fully unreadable
[1018/133333:ERROR:process_info.cc(608)] range at 0xfffda000, size 0xf84 fully unreadable
[1018/133333:ERROR:process_info.cc(608)] range at 0xfffd7000, size 0xf84 fully unreadable
[1018/133333:ERROR:process_info.cc(608)] range at 0xfffaf000, size 0xf84 fully unreadable
[1018/133333:ERROR:process_info.cc(608)] range at 0xfffac000, size 0xf84 fully unreadable
[1018/133333:ERROR:process_info.cc(608)] range at 0xfffa9000, size 0xf84 fully unreadable
[1018/133333:ERROR:process_info.cc(608)] range at 0xfffa6000, size 0xf84 fully unreadable
[1018/133333:ERROR:process_info.cc(608)] range at 0xfffa3000, size 0xf84 fully unreadable
[1018/133333:ERROR:process_info.cc(608)] range at 0xfffa0000, size 0xf84 fully unreadable
[1018/133333:ERROR:process_info.cc(608)] range at 0xfff9d000, size 0xf84 fully unreadable
[1018/133333:ERROR:process_info.cc(608)] range at 0xfff9a000, size 0xf84 fully unreadable
[1018/133333:ERROR:process_info.cc(608)] range at 0xfff97000, size 0xf84 fully unreadable
[1018/133333:ERROR:process_info.cc(608)] range at 0xfff94000, size 0xf84 fully unreadable
[1020/193119:ERROR:process_info.cc(608)] range at 0xfffde000, size 0x230 fully unreadable
[1020/193119:ERROR:process_info.cc(608)] range at 0xfffde000, size 0x230 fully unreadable
[1020/193119:ERROR:process_info.cc(608)] range at 0xfffde000, size 0x230 fully unreadable
[1020/193122:ERROR:process_info.cc(608)] range at 0xfffdd000, size 0xf84 fully unreadable
[1020/193122:ERROR:process_info.cc(608)] range at 0xfffda000, size 0xf84 fully unreadable
[1020/193122:ERROR:process_info.cc(608)] range at 0xfffd7000, size 0xf84 fully unreadable
[1020/193122:ERROR:process_info.cc(608)] range at 0xfffaf000, size 0xf84 fully unreadable
[1020/193122:ERROR:process_info.cc(608)] range at 0xfffac000, size 0xf84 fully unreadable
[1020/193122:ERROR:process_info.cc(608)] range at 0xfffa9000, size 0xf84 fully unreadable
[1020/193122:ERROR:process_info.cc(608)] range at 0xfffa6000, size 0xf84 fully unreadable
[1020/193122:ERROR:process_info.cc(608)] range at 0xfffa3000, size 0xf84 fully unreadable
[1020/193122:ERROR:process_info.cc(608)] range at 0xfffa0000, size 0xf84 fully unreadable
[1020/193122:ERROR:process_info.cc(608)] range at 0xfff9d000, size 0xf84 fully unreadable
[1020/193122:ERROR:process_info.cc(608)] range at 0xfff9a000, size 0xf84 fully unreadable
[1020/193122:ERROR:process_info.cc(608)] range at 0xfff97000, size 0xf84 fully unreadable
[1020/193122:ERROR:process_info.cc(608)] range at 0xfff94000, size 0xf84 fully unreadable
[1020/193122:ERROR:process_info.cc(608)] range at 0xfffdd000, size 0xf84 fully unreadable
[1020/193122:ERROR:process_info.cc(608)] range at 0xfffda000, size 0xf84 fully unreadable
[1020/193122:ERROR:process_info.cc(608)] range at 0xfffd7000, size 0xf84 fully unreadable
[1020/193122:ERROR:process_info.cc(608)] range at 0xfffaf000, size 0xf84 fully unreadable
[1020/193122:ERROR:process_info.cc(608)] range at 0xfffac000, size 0xf84 fully unreadable
[1020/193122:ERROR:process_info.cc(608)] range at 0xfffa9000, size 0xf84 fully unreadable
[1020/193122:ERROR:process_info.cc(608)] range at 0xfffa6000, size 0xf84 fully unreadable
[1020/193122:ERROR:process_info.cc(608)] range at 0xfffa3000, size 0xf84 fully unreadable
[1020/193122:ERROR:process_info.cc(608)] range at 0xfffa0000, size 0xf84 fully unreadable
[1020/193122:ERROR:process_info.cc(608)] range at 0xfff9d000, size 0xf84 fully unreadable
[1020/193122:ERROR:process_info.cc(608)] range at 0xfff9a000, size 0xf84 fully unreadable
[1020/193122:ERROR:process_info.cc(608)] range at 0xfff97000, size 0xf84 fully unreadable
[1020/193122:ERROR:process_info.cc(608)] range at 0xfff94000, size 0xf84 fully unreadable
[1020/193122:ERROR:process_info.cc(608)] range at 0xfffdd000, size 0xf84 fully unreadable
[1020/193122:ERROR:process_info.cc(608)] range at 0xfffda000, size 0xf84 fully unreadable
[1020/193122:ERROR:process_info.cc(608)] range at 0xfffd7000, size 0xf84 fully unreadable
[1020/193122:ERROR:process_info.cc(608)] range at 0xfffaf000, size 0xf84 fully unreadable
[1020/193122:ERROR:process_info.cc(608)] range at 0xfffac000, size 0xf84 fully unreadable
[1020/193122:ERROR:process_info.cc(608)] range at 0xfffa9000, size 0xf84 fully unreadable
[1020/193122:ERROR:process_info.cc(608)] range at 0xfffa6000, size 0xf84 fully unreadable
[1020/193122:ERROR:process_info.cc(608)] range at 0xfffa3000, size 0xf84 fully unreadable
[1020/193122:ERROR:process_info.cc(608)] range at 0xfffa0000, size 0xf84 fully unreadable
[1020/193122:ERROR:process_info.cc(608)] range at 0xfff9d000, size 0xf84 fully unreadable
[1020/193122:ERROR:process_info.cc(608)] range at 0xfff9a000, size 0xf84 fully unreadable
[1020/193122:ERROR:process_info.cc(608)] range at 0xfff97000, size 0xf84 fully unreadable
[1020/193122:ERROR:process_info.cc(608)] range at 0xfff94000, size 0xf84 fully unreadable
[1020/193143:ERROR:crash_report_database_win.cc(460)] failed to truncate: The requested operation cannot be performed on a file with a user-mapped section open. (0x4C8)
[1206/132017:ERROR:file_io_win.cc(227)] SetEndOfFile: The requested operation cannot be performed on a file with a user-mapped section open. (0x4C8)
[1206/132023:ERROR:file_io_win.cc(227)] SetEndOfFile: The requested operation cannot be performed on a file with a user-mapped section open. (0x4C8)
[0322/153521.985:ERROR:registration_protocol_win.cc(84)] TransactNamedPipe: The pipe has been ended. (0x6D)
[0322/170504.008:ERROR:registration_protocol_win.cc(84)] TransactNamedPipe: The pipe has been ended. (0x6D)
[0322/173123.153:ERROR:registration_protocol_win.cc(84)] TransactNamedPipe: The pipe has been ended. (0x6D)
[0322/173331.558:ERROR:registration_protocol_win.cc(84)] TransactNamedPipe: The pipe has been ended. (0x6D)
[0322/174559.232:ERROR:registration_protocol_win.cc(84)] TransactNamedPipe: The pipe has been ended. (0x6D)
[0324/193033.208:ERROR:registration_protocol_win.cc(83)] TransactNamedPipe: The pipe has been ended. (0x6D)
[0324/193648.781:ERROR:registration_protocol_win.cc(83)] TransactNamedPipe: The pipe has been ended. (0x6D)
[0324/193659.284:ERROR:registration_protocol_win.cc(83)] TransactNamedPipe: The pipe has been ended. (0x6D)
[0324/193937.917:ERROR:registration_protocol_win.cc(83)] TransactNamedPipe: The pipe has been ended. (0x6D)
[0324/194146.430:ERROR:registration_protocol_win.cc(83)] TransactNamedPipe: The pipe has been ended. (0x6D)
[0324/194325.503:ERROR:registration_protocol_win.cc(83)] TransactNamedPipe: The pipe has been ended. (0x6D)
[0324/194936.659:ERROR:registration_protocol_win.cc(83)] TransactNamedPipe: The pipe has been ended. (0x6D)
[0324/195118.166:ERROR:registration_protocol_win.cc(83)] TransactNamedPipe: The pipe has been ended. (0x6D)
[0324/204049.700:ERROR:registration_protocol_win.cc(83)] TransactNamedPipe: The pipe has been ended. (0x6D)
[0324/205326.037:ERROR:registration_protocol_win.cc(83)] TransactNamedPipe: The pipe has been ended. (0x6D)
[0324/205938.581:ERROR:registration_protocol_win.cc(83)] TransactNamedPipe: The pipe has been ended. (0x6D)
[0324/205956.348:ERROR:registration_protocol_win.cc(83)] TransactNamedPipe: The pipe has been ended. (0x6D)
[0324/210633.581:ERROR:registration_protocol_win.cc(83)] TransactNamedPipe: The pipe has been ended. (0x6D)
[0324/212221.890:ERROR:registration_protocol_win.cc(83)] TransactNamedPipe: The pipe has been ended. (0x6D)
[0324/212511.347:ERROR:registration_protocol_win.cc(83)] TransactNamedPipe: The pipe has been ended. (0x6D)
[0324/213117.707:ERROR:registration_protocol_win.cc(83)] TransactNamedPipe: The pipe has been ended. (0x6D)
[0324/213136.109:ERROR:crashpad_client_win.cc(128)] crash server failed to launch, self-terminating
[0324/213149.714:ERROR:registration_protocol_win.cc(83)] TransactNamedPipe: The pipe has been ended. (0x6D)
[0324/213153.516:ERROR:crashpad_client_win.cc(128)] crash server failed to launch, self-terminating
[0324/213208.695:ERROR:registration_protocol_win.cc(83)] TransactNamedPipe: The pipe has been ended. (0x6D)
